<?xml version="1.0" encoding="UTF-8"?>
<!-- Generated by org.testng.reporters.JUnitReportReporter -->
<testsuite skipped="0" hostname="LAPTOP-07J8ICVE" name="Authentication.Oauth2_0" tests="1" failures="0" timestamp="2022-08-10T16:26:35 IST" time="5.702" errors="0">
  <testcase name="baseOauth2_0" time="5.702" classname="Authentication.Oauth2_0"/>
  <system-out/>
</testsuite> <!-- Authentication.Oauth2_0 -->
