<?xml version="1.0" encoding="UTF-8"?>
<!-- Generated by org.testng.reporters.JUnitReportReporter -->
<testsuite skipped="0" hostname="LAPTOP-07J8ICVE" name="BasicCRUDOpration.DeleteSingleProject" tests="1" failures="0" timestamp="2022-08-08T15:43:25 IST" time="1.889" errors="0">
  <testcase name="deleteSingleProject" time="1.889" classname="BasicCRUDOpration.DeleteSingleProject"/>
  <system-out/>
</testsuite> <!-- BasicCRUDOpration.DeleteSingleProject -->
