<?xml version="1.0" encoding="UTF-8"?>
<!-- Generated by org.testng.reporters.JUnitReportReporter -->
<testsuite skipped="0" hostname="LAPTOP-07J8ICVE" name="DifferentWaysTo_Post_Operation.CreateProjectFromHashmap" tests="1" failures="0" timestamp="2022-08-09T12:48:47 IST" time="2.340" errors="0">
  <testcase name="createProjectFromHashmap" time="2.340" classname="DifferentWaysTo_Post_Operation.CreateProjectFromHashmap"/>
  <system-out/>
</testsuite> <!-- DifferentWaysTo_Post_Operation.CreateProjectFromHashmap -->
