<?xml version="1.0" encoding="UTF-8"?>
<!-- Generated by org.testng.reporters.JUnitReportReporter -->
<testsuite skipped="0" hostname="LAPTOP-07J8ICVE" name="BasicCRUDOpration.GetAllEmployees" tests="1" failures="0" timestamp="2022-08-08T13:06:52 IST" time="2.070" errors="0">
  <testcase name="getAllEmployees" time="2.070" classname="BasicCRUDOpration.GetAllEmployees"/>
  <system-out/>
</testsuite> <!-- BasicCRUDOpration.GetAllEmployees -->
