<?xml version="1.0" encoding="UTF-8"?>
<!-- Generated by org.testng.reporters.JUnitReportReporter -->
<testsuite skipped="0" hostname="LAPTOP-07J8ICVE" name="serializationAndDeserialization.SerializationEmployeeDetails" tests="1" failures="0" timestamp="2022-07-28T15:17:39 IST" time="0.217" errors="0">
  <testcase name="serializationEmpDetailsTest" time="0.217" classname="serializationAndDeserialization.SerializationEmployeeDetails"/>
  <system-out/>
</testsuite> <!-- serializationAndDeserialization.SerializationEmployeeDetails -->
