<?xml version="1.0" encoding="UTF-8"?>
<!-- Generated by org.testng.reporters.JUnitReportReporter -->
<testsuite skipped="0" hostname="LAPTOP-07J8ICVE" name="CRUDOprationWithBDD.GetAllProjects" tests="1" failures="0" timestamp="2022-08-08T17:35:38 IST" time="2.078" errors="0">
  <testcase name="getAllProjects" time="2.078" classname="CRUDOprationWithBDD.GetAllProjects"/>
  <system-out/>
</testsuite> <!-- CRUDOprationWithBDD.GetAllProjects -->
