<?xml version="1.0" encoding="UTF-8"?>
<!-- Generated by org.testng.reporters.JUnitReportReporter -->
<testsuite skipped="0" hostname="LAPTOP-07J8ICVE" name="Parameter_project.Querr_parameter" tests="1" failures="0" timestamp="2022-08-10T12:30:33 IST" time="1.872" errors="0">
  <testcase name="query_parameter" time="1.872" classname="Parameter_project.Querr_parameter"/>
  <system-out/>
</testsuite> <!-- Parameter_project.Querr_parameter -->
