<?xml version="1.0" encoding="UTF-8"?>
<!-- Generated by org.testng.reporters.JUnitReportReporter -->
<testsuite skipped="0" hostname="LAPTOP-07J8ICVE" name="CRUDOprationWithBDD.GetNetwork" tests="1" failures="0" timestamp="2022-08-30T15:21:19 IST" time="2.276" errors="0">
  <testcase name="getNetwork" time="2.276" classname="CRUDOprationWithBDD.GetNetwork"/>
  <system-out/>
</testsuite> <!-- CRUDOprationWithBDD.GetNetwork -->
