<?xml version="1.0" encoding="UTF-8"?>
<!-- Generated by org.testng.reporters.JUnitReportReporter -->
<testsuite skipped="0" hostname="LAPTOP-07J8ICVE" name="Authentication.BeareerToken" tests="1" failures="0" timestamp="2022-08-10T15:30:17 IST" time="5.358" errors="0">
  <testcase name="beareerToken" time="5.358" classname="Authentication.BeareerToken"/>
  <system-out/>
</testsuite> <!-- Authentication.BeareerToken -->
