<?xml version="1.0" encoding="UTF-8"?>
<!-- Generated by org.testng.reporters.JUnitReportReporter -->
<testsuite skipped="0" hostname="LAPTOP-07J8ICVE" name="Authentication.BasicAuth" tests="1" failures="0" timestamp="2022-08-10T15:02:07 IST" time="2.213" errors="0">
  <testcase name="basicAuth" time="2.213" classname="Authentication.BasicAuth"/>
  <system-out/>
</testsuite> <!-- Authentication.BasicAuth -->
