<?xml version="1.0" encoding="UTF-8"?>
<!-- Generated by org.testng.reporters.JUnitReportReporter -->
<testsuite skipped="0" hostname="LAPTOP-07J8ICVE" name="serializationAndDeserialization.DeserializationEmployeeDetails" tests="1" failures="0" timestamp="2022-07-28T15:14:10 IST" time="0.228" errors="0">
  <testcase name="desrializationEmpTest" time="0.228" classname="serializationAndDeserialization.DeserializationEmployeeDetails"/>
  <system-out/>
</testsuite> <!-- serializationAndDeserialization.DeserializationEmployeeDetails -->
