<?xml version="1.0" encoding="UTF-8"?>
<!-- Generated by org.testng.reporters.JUnitReportReporter -->
<testsuite skipped="0" hostname="LAPTOP-07J8ICVE" name="BasicCRUDOpration.CreateEmployee" tests="1" failures="0" timestamp="2022-08-08T12:51:44 IST" time="2.370" errors="0">
  <testcase name="CreateEmployee" time="2.370" classname="BasicCRUDOpration.CreateEmployee"/>
  <system-out/>
</testsuite> <!-- BasicCRUDOpration.CreateEmployee -->
