<?xml version="1.0" encoding="UTF-8"?>
<!-- Generated by org.testng.reporters.JUnitReportReporter -->
<testsuite skipped="0" hostname="LAPTOP-07J8ICVE" name="Request_Chaining.CreateProject_GetProject_DleteProject" tests="1" failures="0" timestamp="2022-08-10T12:47:09 IST" time="2.738" errors="0">
  <testcase name="createProject_GetProject_DleteProject" time="2.738" classname="Request_Chaining.CreateProject_GetProject_DleteProject"/>
  <system-out/>
</testsuite> <!-- Request_Chaining.CreateProject_GetProject_DleteProject -->
