<?xml version="1.0" encoding="UTF-8"?>
<!-- Generated by org.testng.reporters.JUnitReportReporter -->
<testsuite skipped="0" hostname="LAPTOP-07J8ICVE" name="EndToEndSceranio.CreateProjectVerifyInData" tests="1" failures="0" timestamp="2022-08-11T11:33:40 IST" time="2.610" errors="0">
  <testcase name="createProjectVerifyInData" time="2.610" classname="EndToEndSceranio.CreateProjectVerifyInData"/>
  <system-out>
    <![CDATA[TY_PROJ_1405]]>
  </system-out>
</testsuite> <!-- EndToEndSceranio.CreateProjectVerifyInData -->
