<?xml version="1.0" encoding="UTF-8"?>
<!-- Generated by org.testng.reporters.JUnitReportReporter -->
<testsuite skipped="0" hostname="LAPTOP-07J8ICVE" name="CRUDOprationWithBDD.CreateprojectTest" tests="1" failures="0" timestamp="2022-08-08T17:44:38 IST" time="2.423" errors="0">
  <testcase name="createprojectTest" time="2.423" classname="CRUDOprationWithBDD.CreateprojectTest"/>
  <system-out/>
</testsuite> <!-- CRUDOprationWithBDD.CreateprojectTest -->
