<?xml version="1.0" encoding="UTF-8"?>
<!-- Generated by org.testng.reporters.JUnitReportReporter -->
<testsuite skipped="0" hostname="LAPTOP-07J8ICVE" name="BasicCRUDOpration.LoginRMGYantrawithAuthentication" tests="1" failures="0" timestamp="2022-08-08T15:09:16 IST" time="1.895" errors="0">
  <testcase name="loginRMGYantrawithAuthentication" time="1.895" classname="BasicCRUDOpration.LoginRMGYantrawithAuthentication"/>
  <system-out/>
</testsuite> <!-- BasicCRUDOpration.LoginRMGYantrawithAuthentication -->
