<?xml version="1.0" encoding="UTF-8"?>
<!-- Generated by org.testng.reporters.JUnitReportReporter -->
<testsuite skipped="0" hostname="LAPTOP-07J8ICVE" name="DifferentWaysTo_Post_Operation.CreateProjectFromPojoClass" tests="1" failures="0" timestamp="2022-08-09T13:21:04 IST" time="2.417" errors="0">
  <testcase name="createProjectFromPojoClass" time="2.417" classname="DifferentWaysTo_Post_Operation.CreateProjectFromPojoClass"/>
  <system-out/>
</testsuite> <!-- DifferentWaysTo_Post_Operation.CreateProjectFromPojoClass -->
