<?xml version="1.0" encoding="UTF-8"?>
<!-- Generated by org.testng.reporters.JUnitReportReporter -->
<testsuite skipped="0" hostname="LAPTOP-07J8ICVE" name="DifferentWaysTo_Post_Operation.CreateProjectFromJsonFile" tests="1" failures="0" timestamp="2022-08-09T12:49:09 IST" time="2.239" errors="0">
  <testcase name="CreateProjectFromJsonFile" time="2.239" classname="DifferentWaysTo_Post_Operation.CreateProjectFromJsonFile"/>
  <system-out/>
</testsuite> <!-- DifferentWaysTo_Post_Operation.CreateProjectFromJsonFile -->
