<?xml version="1.0" encoding="UTF-8"?>
<!-- Generated by org.testng.reporters.JUnitReportReporter -->
<testsuite skipped="0" hostname="LAPTOP-07J8ICVE" name="serializationAndDeserialization.SerializationEmpDetailsWithArray" tests="1" failures="0" timestamp="2022-07-28T16:16:50 IST" time="0.240" errors="0">
  <testcase name="serilizationEmpWithArrayTest" time="0.240" classname="serializationAndDeserialization.SerializationEmpDetailsWithArray"/>
  <system-out/>
</testsuite> <!-- serializationAndDeserialization.SerializationEmpDetailsWithArray -->
