<?xml version="1.0" encoding="UTF-8"?>
<!-- Generated by org.testng.reporters.JUnitReportReporter -->
<testsuite skipped="0" hostname="LAPTOP-07J8ICVE" name="Parameter_project.Form_parameter" tests="1" failures="0" timestamp="2022-08-10T12:11:23 IST" time="2.209" errors="0">
  <testcase name="form_parameter" time="2.209" classname="Parameter_project.Form_parameter"/>
  <system-out/>
</testsuite> <!-- Parameter_project.Form_parameter -->
