<?xml version="1.0" encoding="UTF-8"?>
<!-- Generated by org.testng.reporters.JUnitReportReporter -->
<testsuite skipped="0" hostname="LAPTOP-07J8ICVE" name="BasicCRUDOpration.CreateProjectTest" tests="1" failures="0" timestamp="2022-08-08T12:07:22 IST" time="2.265" errors="0">
  <testcase name="createProject" time="2.265" classname="BasicCRUDOpration.CreateProjectTest"/>
  <system-out/>
</testsuite> <!-- BasicCRUDOpration.CreateProjectTest -->
