<?xml version="1.0" encoding="UTF-8"?>
<!-- Generated by org.testng.reporters.JUnitReportReporter -->
<testsuite skipped="0" hostname="LAPTOP-07J8ICVE" name="Request_Chaining.Create_Update_Get_Delete_Project" tests="1" failures="0" timestamp="2022-08-10T13:32:57 IST" time="3.183" errors="0">
  <testcase name="create_Update_Get_Delete_Project" time="3.183" classname="Request_Chaining.Create_Update_Get_Delete_Project"/>
  <system-out/>
</testsuite> <!-- Request_Chaining.Create_Update_Get_Delete_Project -->
