<?xml version="1.0" encoding="UTF-8"?>
<!-- Generated by org.testng.reporters.JUnitReportReporter -->
<testsuite skipped="0" hostname="LAPTOP-07J8ICVE" name="BasicCRUDOpration.UpdateProjectTest" tests="1" failures="0" timestamp="2022-08-08T10:31:37 IST" time="2.354" errors="0">
  <testcase name="updateProject" time="2.354" classname="BasicCRUDOpration.UpdateProjectTest"/>
  <system-out/>
</testsuite> <!-- BasicCRUDOpration.UpdateProjectTest -->
