<?xml version="1.0" encoding="UTF-8"?>
<!-- Generated by org.testng.reporters.JUnitReportReporter -->
<testsuite skipped="0" hostname="LAPTOP-07J8ICVE" name="DifferentWaysTo_Post_Operation.CreateProjectFromJsonObject" tests="1" failures="0" timestamp="2022-08-09T12:52:23 IST" time="2.439" errors="0">
  <testcase name="createProjectFromJsonObject" time="2.439" classname="DifferentWaysTo_Post_Operation.CreateProjectFromJsonObject"/>
  <system-out/>
</testsuite> <!-- DifferentWaysTo_Post_Operation.CreateProjectFromJsonObject -->
