<?xml version="1.0" encoding="UTF-8"?>
<!-- Generated by org.testng.reporters.JUnitReportReporter -->
<testsuite skipped="0" hostname="LAPTOP-07J8ICVE" name="CRUDOprationWithBDD.CreateNetwork" tests="1" failures="0" timestamp="2022-08-30T15:08:37 IST" time="2.591" errors="0">
  <testcase name="createNetwork" time="2.591" classname="CRUDOprationWithBDD.CreateNetwork"/>
  <system-out/>
</testsuite> <!-- CRUDOprationWithBDD.CreateNetwork -->
